23-05-01 14:18:41.247 : Model path: model_zoo\scunet_gray_25.pth
23-05-01 14:18:41.262 : Params number: 17943768
23-05-01 14:18:41.262 : model_name:scunet_gray_25, image sigma:25
23-05-01 14:18:41.263 : testsets\set12
23-05-01 14:18:41.267 :          #Params : 17.9438 [M]
23-05-01 14:18:54.079 : 01.png - PSNR: 30.72 dB; SSIM: 0.8841.
23-05-01 14:19:07.509 : 02.png - PSNR: 34.16 dB; SSIM: 0.8783.
23-05-01 14:19:19.995 : 03.png - PSNR: 31.34 dB; SSIM: 0.8873.
23-05-01 14:19:32.824 : 04.png - PSNR: 30.05 dB; SSIM: 0.8788.
23-05-01 14:19:48.380 : 05.png - PSNR: 31.05 dB; SSIM: 0.9309.
23-05-01 14:20:08.915 : 06.png - PSNR: 29.45 dB; SSIM: 0.8768.
23-05-01 14:20:23.390 : 07.png - PSNR: 29.79 dB; SSIM: 0.8700.
23-05-01 14:21:02.892 : 08.png - PSNR: 33.06 dB; SSIM: 0.8855.
23-05-01 14:21:41.770 : 09.png - PSNR: 31.72 dB; SSIM: 0.9106.
23-05-01 14:22:16.576 : 10.png - PSNR: 30.72 dB; SSIM: 0.8269.
23-05-01 14:22:51.950 : 11.png - PSNR: 30.37 dB; SSIM: 0.8313.
23-05-01 14:23:27.040 : 12.png - PSNR: 30.63 dB; SSIM: 0.8486.
23-05-01 14:23:27.064 : Average PSNR/SSIM(RGB) - set12_scunet_gray_25 - PSNR: 31.09 dB; SSIM: 0.8757
23-05-20 10:28:42.370 : Model path: model_zoo\scunet_gray_25.pth
23-05-20 10:28:42.373 : Params number: 17943768
23-05-20 10:28:42.373 : model_name:scunet_gray_25, image sigma:25
23-05-20 10:28:42.374 : testsets\set12
23-05-20 10:28:42.379 :          #Params : 17.9438 [M]
23-05-20 10:28:57.684 : 01.png - PSNR: 30.72 dB; SSIM: 0.8841.
23-05-20 10:29:12.381 : 02.png - PSNR: 34.16 dB; SSIM: 0.8783.
23-05-20 10:29:28.175 : 03.png - PSNR: 31.34 dB; SSIM: 0.8873.
23-05-20 10:29:41.441 : 04.png - PSNR: 30.05 dB; SSIM: 0.8788.
23-05-20 10:29:54.849 : 05.png - PSNR: 31.05 dB; SSIM: 0.9309.
23-05-20 10:30:08.316 : 06.png - PSNR: 29.45 dB; SSIM: 0.8768.
23-05-20 10:30:22.862 : 07.png - PSNR: 29.79 dB; SSIM: 0.8700.
23-05-20 10:31:09.036 : 08.png - PSNR: 33.06 dB; SSIM: 0.8855.
