23-05-01 14:24:05.556 : Model path: model_zoo\scunet_color_25.pth
23-05-01 14:24:05.564 : Params number: 17946072
23-05-01 14:24:05.564 : model_name:scunet_color_25, image sigma:25
23-05-01 14:24:05.564 : testsets\bsd68
23-05-01 14:24:05.570 :          #Params : 17.9461 [M]
23-05-01 14:24:23.876 : test001.png - PSNR: 28.70 dB; SSIM: 0.8437.
23-05-01 14:24:40.663 : test002.png - PSNR: 33.16 dB; SSIM: 0.9260.
23-05-01 14:24:57.828 : test003.png - PSNR: 33.20 dB; SSIM: 0.9112.
23-05-01 14:25:14.580 : test004.png - PSNR: 33.82 dB; SSIM: 0.9181.
23-05-01 14:25:31.411 : test005.png - PSNR: 30.58 dB; SSIM: 0.9026.
23-05-01 14:25:48.206 : test006.png - PSNR: 35.73 dB; SSIM: 0.9390.
23-05-01 14:26:05.091 : test007.png - PSNR: 31.75 dB; SSIM: 0.8995.
23-05-01 14:26:21.927 : test008.png - PSNR: 29.42 dB; SSIM: 0.8725.
23-05-01 14:26:39.047 : test009.png - PSNR: 32.02 dB; SSIM: 0.9091.
23-05-01 14:26:55.781 : test010.png - PSNR: 32.59 dB; SSIM: 0.8922.
23-05-01 14:27:12.465 : test011.png - PSNR: 32.62 dB; SSIM: 0.9385.
23-05-01 14:27:29.329 : test012.png - PSNR: 31.45 dB; SSIM: 0.8748.
23-05-01 14:27:46.261 : test013.png - PSNR: 32.50 dB; SSIM: 0.8991.
23-05-01 14:28:03.157 : test014.png - PSNR: 33.86 dB; SSIM: 0.9094.
23-05-01 14:28:20.521 : test015.png - PSNR: 30.31 dB; SSIM: 0.8704.
23-05-01 14:28:37.301 : test016.png - PSNR: 31.64 dB; SSIM: 0.9169.
23-05-01 14:28:54.635 : test017.png - PSNR: 35.44 dB; SSIM: 0.9159.
23-05-01 14:29:11.732 : test018.png - PSNR: 35.97 dB; SSIM: 0.9367.
23-05-01 14:29:28.479 : test019.png - PSNR: 31.25 dB; SSIM: 0.8952.
23-05-01 14:29:45.240 : test020.png - PSNR: 32.00 dB; SSIM: 0.9032.
23-05-01 14:30:01.835 : test021.png - PSNR: 29.91 dB; SSIM: 0.9300.
23-05-01 14:30:18.641 : test022.png - PSNR: 30.38 dB; SSIM: 0.8986.
23-05-01 14:30:35.425 : test023.png - PSNR: 32.47 dB; SSIM: 0.9299.
23-05-01 14:30:52.214 : test024.png - PSNR: 31.90 dB; SSIM: 0.9206.
23-05-01 14:31:08.951 : test025.png - PSNR: 32.64 dB; SSIM: 0.9537.
23-05-01 14:31:25.648 : test026.png - PSNR: 31.42 dB; SSIM: 0.8790.
23-05-01 14:31:42.380 : test027.png - PSNR: 32.95 dB; SSIM: 0.8958.
23-05-01 14:31:59.095 : test028.png - PSNR: 35.92 dB; SSIM: 0.9244.
23-05-01 14:32:15.909 : test029.png - PSNR: 27.96 dB; SSIM: 0.9218.
23-05-01 14:32:34.503 : test030.png - PSNR: 32.84 dB; SSIM: 0.8865.
23-05-01 14:32:54.638 : test031.png - PSNR: 28.02 dB; SSIM: 0.9094.
23-05-01 14:33:14.085 : test032.png - PSNR: 29.78 dB; SSIM: 0.9028.
23-05-01 14:33:33.712 : test033.png - PSNR: 31.14 dB; SSIM: 0.9427.
23-05-01 14:33:50.415 : test034.png - PSNR: 35.83 dB; SSIM: 0.9002.
23-05-01 14:34:09.097 : test035.png - PSNR: 30.98 dB; SSIM: 0.8855.
23-05-01 14:34:29.668 : test036.png - PSNR: 29.54 dB; SSIM: 0.7256.
23-05-01 14:34:51.061 : test037.png - PSNR: 31.17 dB; SSIM: 0.8753.
23-05-01 14:35:07.367 : test038.png - PSNR: 32.23 dB; SSIM: 0.8889.
23-05-01 14:35:28.659 : test039.png - PSNR: 37.35 dB; SSIM: 0.9599.
23-05-01 14:35:50.273 : test040.png - PSNR: 32.19 dB; SSIM: 0.8601.
23-05-01 14:36:10.045 : test041.png - PSNR: 31.00 dB; SSIM: 0.9025.
23-05-01 14:36:28.495 : test042.png - PSNR: 32.69 dB; SSIM: 0.8876.
23-05-01 14:36:46.409 : test043.png - PSNR: 33.69 dB; SSIM: 0.9359.
23-05-01 14:37:04.183 : test044.png - PSNR: 31.53 dB; SSIM: 0.9325.
23-05-01 14:37:24.794 : test045.png - PSNR: 36.59 dB; SSIM: 0.9243.
23-05-01 14:37:44.008 : test046.png - PSNR: 29.54 dB; SSIM: 0.8751.
23-05-01 14:38:05.379 : test047.png - PSNR: 29.69 dB; SSIM: 0.8858.
23-05-01 14:38:27.878 : test048.png - PSNR: 33.66 dB; SSIM: 0.9575.
23-05-01 14:38:50.126 : test049.png - PSNR: 33.79 dB; SSIM: 0.8707.
23-05-01 14:39:08.107 : test050.png - PSNR: 29.81 dB; SSIM: 0.8763.
23-05-01 14:39:26.142 : test051.png - PSNR: 31.64 dB; SSIM: 0.8897.
23-05-01 14:39:44.039 : test052.png - PSNR: 34.45 dB; SSIM: 0.8862.
23-05-01 14:40:00.991 : test053.png - PSNR: 33.57 dB; SSIM: 0.8573.
23-05-01 14:40:19.352 : test054.png - PSNR: 32.22 dB; SSIM: 0.8955.
23-05-01 14:40:37.459 : test055.png - PSNR: 30.64 dB; SSIM: 0.8807.
23-05-01 14:40:55.960 : test056.png - PSNR: 27.34 dB; SSIM: 0.8951.
23-05-01 14:41:15.140 : test057.png - PSNR: 31.15 dB; SSIM: 0.9011.
23-05-01 14:41:34.313 : test058.png - PSNR: 32.97 dB; SSIM: 0.8520.
23-05-01 14:41:51.291 : test059.png - PSNR: 32.69 dB; SSIM: 0.8594.
23-05-01 14:42:07.850 : test060.png - PSNR: 33.49 dB; SSIM: 0.8682.
23-05-01 14:42:24.614 : test061.png - PSNR: 33.00 dB; SSIM: 0.8719.
23-05-01 14:42:41.465 : test062.png - PSNR: 37.36 dB; SSIM: 0.9572.
23-05-01 14:42:58.846 : test063.png - PSNR: 29.79 dB; SSIM: 0.9100.
23-05-01 14:43:16.142 : test064.png - PSNR: 29.32 dB; SSIM: 0.8351.
23-05-01 14:43:33.405 : test065.png - PSNR: 31.76 dB; SSIM: 0.8929.
23-05-01 14:43:50.070 : test066.png - PSNR: 41.54 dB; SSIM: 0.9773.
23-05-01 14:44:07.149 : test067.png - PSNR: 27.97 dB; SSIM: 0.9214.
23-05-01 14:44:23.981 : test068.png - PSNR: 29.46 dB; SSIM: 0.9301.
23-05-01 14:44:24.006 : Average PSNR/SSIM(RGB) - bsd68_scunet_color_25 - PSNR: 32.16 dB; SSIM: 0.8999
